<?xml version="1.0" encoding="UTF-8"?>
<testsuite xmlns:xsi="http://www.w3.org/2001/XMLSchema-instance" xsi:noNamespaceSchemaLocation="https://maven.apache.org/surefire/maven-surefire-plugin/xsd/surefire-test-report.xsd" name="com.documanque.documanqueserver.Annonce.AnnonceControllerTest" time="1.756" tests="5" errors="0" skipped="0" failures="0">
  <properties>
[...]
</properties>
  <testcase name="testPostAnnonce" classname="com.documanque.documanqueserver.Annonce.AnnonceControllerTest" time="1.574"/>
  <testcase name="testGetAnnoncesByUser" classname="com.documanque.documanqueserver.Annonce.AnnonceControllerTest" time="0.094"/>
  <testcase name="testPostAnonymousAnnonce" classname="com.documanque.documanqueserver.Annonce.AnnonceControllerTest" time="0.022"/>
  <testcase name="testGetAnnoncesBySearch" classname="com.documanque.documanqueserver.Annonce.AnnonceControllerTest" time="0.026"/>
  <testcase name="testDeleteAnnonce" classname="com.documanque.documanqueserver.Annonce.AnnonceControllerTest" time="0.022"/>
</testsuite>